  11932 트리와 k번째 수.cpp
c:\users\kys\onedrive - kpu.ac.kr\백준\문제풀이\11932 트리와 k번째 수.cpp(91): warning C4244: '인수': '__int64'에서 'int'(으)로 변환하면서 데이터가 손실될 수 있습니다.
c:\users\kys\onedrive - kpu.ac.kr\백준\문제풀이\11932 트리와 k번째 수.cpp(96): warning C4244: 'return': '__int64'에서 'int'(으)로 변환하면서 데이터가 손실될 수 있습니다.
c:\users\kys\onedrive - kpu.ac.kr\백준\문제풀이\11932 트리와 k번째 수.cpp(106): warning C4996: 'fopen': This function or variable may be unsafe. Consider using fopen_s instead. To disable deprecation, use _CRT_SECURE_NO_WARNINGS. See online help for details.
  c:\program files (x86)\windows kits\10\include\10.0.17134.0\ucrt\stdio.h(208): note: 'fopen' 선언을 참조하십시오.
c:\users\kys\onedrive - kpu.ac.kr\백준\문제풀이\11932 트리와 k번째 수.cpp(107): warning C4996: 'fopen': This function or variable may be unsafe. Consider using fopen_s instead. To disable deprecation, use _CRT_SECURE_NO_WARNINGS. See online help for details.
  c:\program files (x86)\windows kits\10\include\10.0.17134.0\ucrt\stdio.h(208): note: 'fopen' 선언을 참조하십시오.
c:\users\kys\onedrive - kpu.ac.kr\백준\문제풀이\11932 트리와 k번째 수.cpp(108): warning C4996: 'fscanf': This function or variable may be unsafe. Consider using fscanf_s instead. To disable deprecation, use _CRT_SECURE_NO_WARNINGS. See online help for details.
  c:\program files (x86)\windows kits\10\include\10.0.17134.0\ucrt\stdio.h(1197): note: 'fscanf' 선언을 참조하십시오.
c:\users\kys\onedrive - kpu.ac.kr\백준\문제풀이\11932 트리와 k번째 수.cpp(112): warning C4996: 'fscanf': This function or variable may be unsafe. Consider using fscanf_s instead. To disable deprecation, use _CRT_SECURE_NO_WARNINGS. See online help for details.
  c:\program files (x86)\windows kits\10\include\10.0.17134.0\ucrt\stdio.h(1197): note: 'fscanf' 선언을 참조하십시오.
c:\users\kys\onedrive - kpu.ac.kr\백준\문제풀이\11932 트리와 k번째 수.cpp(117): warning C4996: 'fscanf': This function or variable may be unsafe. Consider using fscanf_s instead. To disable deprecation, use _CRT_SECURE_NO_WARNINGS. See online help for details.
  c:\program files (x86)\windows kits\10\include\10.0.17134.0\ucrt\stdio.h(1197): note: 'fscanf' 선언을 참조하십시오.
c:\users\kys\onedrive - kpu.ac.kr\백준\문제풀이\11932 트리와 k번째 수.cpp(126): warning C4996: 'fscanf': This function or variable may be unsafe. Consider using fscanf_s instead. To disable deprecation, use _CRT_SECURE_NO_WARNINGS. See online help for details.
  c:\program files (x86)\windows kits\10\include\10.0.17134.0\ucrt\stdio.h(1197): note: 'fscanf' 선언을 참조하십시오.
c:\users\kys\onedrive - kpu.ac.kr\백준\문제풀이\11932 트리와 k번째 수.cpp(127): warning C4996: 'fscanf': This function or variable may be unsafe. Consider using fscanf_s instead. To disable deprecation, use _CRT_SECURE_NO_WARNINGS. See online help for details.
  c:\program files (x86)\windows kits\10\include\10.0.17134.0\ucrt\stdio.h(1197): note: 'fscanf' 선언을 참조하십시오.
  코드를 생성하고 있습니다.
  7 of 217 functions ( 3.2%) were compiled, the rest were copied from previous compilation.
    1 functions were new in current compilation
    0 functions had inline decision re-evaluated but remain unchanged
  코드를 생성했습니다.
  문제풀이.vcxproj -> C:\Users\kys\OneDrive - kpu.ac.kr\백준\문제풀이\Release\문제풀이.exe
